# ******************************************************
# PLUTO 4.2 Grid File
# Generated on  Tue Mar  7 23:59:20 2017
# 
# DIMENSIONS: 2
# GEOMETRY:   SPHERICAL
# X1: [ 0.100000,  20.000000], 220 point(s), 2 ghosts
# X2: [ 0.000000,  1.571000], 150 point(s), 2 ghosts
# ******************************************************
220 
 1   1.000000000000e-01    1.700000000000e-01
 2   1.700000000000e-01    2.400000000000e-01
 3   2.400000000000e-01    3.100000000000e-01
 4   3.100000000000e-01    3.800000000000e-01
 5   3.800000000000e-01    4.500000000000e-01
 6   4.500000000000e-01    5.200000000000e-01
 7   5.200000000000e-01    5.900000000000e-01
 8   5.900000000000e-01    6.600000000000e-01
 9   6.600000000000e-01    7.300000000000e-01
 10   7.300000000000e-01    8.000000000000e-01
 11   8.000000000000e-01    8.700000000000e-01
 12   8.700000000000e-01    9.400000000000e-01
 13   9.400000000000e-01    1.010000000000e+00
 14   1.010000000000e+00    1.080000000000e+00
 15   1.080000000000e+00    1.150000000000e+00
 16   1.150000000000e+00    1.220000000000e+00
 17   1.220000000000e+00    1.290000000000e+00
 18   1.290000000000e+00    1.360000000000e+00
 19   1.360000000000e+00    1.430000000000e+00
 20   1.430000000000e+00    1.500000000000e+00
 21   1.500000000000e+00    1.592500000000e+00
 22   1.592500000000e+00    1.685000000000e+00
 23   1.685000000000e+00    1.777500000000e+00
 24   1.777500000000e+00    1.870000000000e+00
 25   1.870000000000e+00    1.962500000000e+00
 26   1.962500000000e+00    2.055000000000e+00
 27   2.055000000000e+00    2.147500000000e+00
 28   2.147500000000e+00    2.240000000000e+00
 29   2.240000000000e+00    2.332500000000e+00
 30   2.332500000000e+00    2.425000000000e+00
 31   2.425000000000e+00    2.517500000000e+00
 32   2.517500000000e+00    2.610000000000e+00
 33   2.610000000000e+00    2.702500000000e+00
 34   2.702500000000e+00    2.795000000000e+00
 35   2.795000000000e+00    2.887500000000e+00
 36   2.887500000000e+00    2.980000000000e+00
 37   2.980000000000e+00    3.072500000000e+00
 38   3.072500000000e+00    3.165000000000e+00
 39   3.165000000000e+00    3.257500000000e+00
 40   3.257500000000e+00    3.350000000000e+00
 41   3.350000000000e+00    3.442500000000e+00
 42   3.442500000000e+00    3.535000000000e+00
 43   3.535000000000e+00    3.627500000000e+00
 44   3.627500000000e+00    3.720000000000e+00
 45   3.720000000000e+00    3.812500000000e+00
 46   3.812500000000e+00    3.905000000000e+00
 47   3.905000000000e+00    3.997500000000e+00
 48   3.997500000000e+00    4.090000000000e+00
 49   4.090000000000e+00    4.182500000000e+00
 50   4.182500000000e+00    4.275000000000e+00
 51   4.275000000000e+00    4.367500000000e+00
 52   4.367500000000e+00    4.460000000000e+00
 53   4.460000000000e+00    4.552500000000e+00
 54   4.552500000000e+00    4.645000000000e+00
 55   4.645000000000e+00    4.737500000000e+00
 56   4.737500000000e+00    4.830000000000e+00
 57   4.830000000000e+00    4.922500000000e+00
 58   4.922500000000e+00    5.015000000000e+00
 59   5.015000000000e+00    5.107500000000e+00
 60   5.107500000000e+00    5.200000000000e+00
 61   5.200000000000e+00    5.292500000000e+00
 62   5.292500000000e+00    5.385000000000e+00
 63   5.385000000000e+00    5.477500000000e+00
 64   5.477500000000e+00    5.570000000000e+00
 65   5.570000000000e+00    5.662500000000e+00
 66   5.662500000000e+00    5.755000000000e+00
 67   5.755000000000e+00    5.847500000000e+00
 68   5.847500000000e+00    5.940000000000e+00
 69   5.940000000000e+00    6.032500000000e+00
 70   6.032500000000e+00    6.125000000000e+00
 71   6.125000000000e+00    6.217500000000e+00
 72   6.217500000000e+00    6.310000000000e+00
 73   6.310000000000e+00    6.402500000000e+00
 74   6.402500000000e+00    6.495000000000e+00
 75   6.495000000000e+00    6.587500000000e+00
 76   6.587500000000e+00    6.680000000000e+00
 77   6.680000000000e+00    6.772500000000e+00
 78   6.772500000000e+00    6.865000000000e+00
 79   6.865000000000e+00    6.957500000000e+00
 80   6.957500000000e+00    7.050000000000e+00
 81   7.050000000000e+00    7.142500000000e+00
 82   7.142500000000e+00    7.235000000000e+00
 83   7.235000000000e+00    7.327500000000e+00
 84   7.327500000000e+00    7.420000000000e+00
 85   7.420000000000e+00    7.512500000000e+00
 86   7.512500000000e+00    7.605000000000e+00
 87   7.605000000000e+00    7.697500000000e+00
 88   7.697500000000e+00    7.790000000000e+00
 89   7.790000000000e+00    7.882500000000e+00
 90   7.882500000000e+00    7.975000000000e+00
 91   7.975000000000e+00    8.067500000000e+00
 92   8.067500000000e+00    8.160000000000e+00
 93   8.160000000000e+00    8.252500000000e+00
 94   8.252500000000e+00    8.345000000000e+00
 95   8.345000000000e+00    8.437500000000e+00
 96   8.437500000000e+00    8.530000000000e+00
 97   8.530000000000e+00    8.622500000000e+00
 98   8.622500000000e+00    8.715000000000e+00
 99   8.715000000000e+00    8.807500000000e+00
 100   8.807500000000e+00    8.900000000000e+00
 101   8.900000000000e+00    8.992500000000e+00
 102   8.992500000000e+00    9.085000000000e+00
 103   9.085000000000e+00    9.177500000000e+00
 104   9.177500000000e+00    9.270000000000e+00
 105   9.270000000000e+00    9.362500000000e+00
 106   9.362500000000e+00    9.455000000000e+00
 107   9.455000000000e+00    9.547500000000e+00
 108   9.547500000000e+00    9.640000000000e+00
 109   9.640000000000e+00    9.732500000000e+00
 110   9.732500000000e+00    9.825000000000e+00
 111   9.825000000000e+00    9.917500000000e+00
 112   9.917500000000e+00    1.001000000000e+01
 113   1.001000000000e+01    1.010250000000e+01
 114   1.010250000000e+01    1.019500000000e+01
 115   1.019500000000e+01    1.028750000000e+01
 116   1.028750000000e+01    1.038000000000e+01
 117   1.038000000000e+01    1.047250000000e+01
 118   1.047250000000e+01    1.056500000000e+01
 119   1.056500000000e+01    1.065750000000e+01
 120   1.065750000000e+01    1.075000000000e+01
 121   1.075000000000e+01    1.084250000000e+01
 122   1.084250000000e+01    1.093500000000e+01
 123   1.093500000000e+01    1.102750000000e+01
 124   1.102750000000e+01    1.112000000000e+01
 125   1.112000000000e+01    1.121250000000e+01
 126   1.121250000000e+01    1.130500000000e+01
 127   1.130500000000e+01    1.139750000000e+01
 128   1.139750000000e+01    1.149000000000e+01
 129   1.149000000000e+01    1.158250000000e+01
 130   1.158250000000e+01    1.167500000000e+01
 131   1.167500000000e+01    1.176750000000e+01
 132   1.176750000000e+01    1.186000000000e+01
 133   1.186000000000e+01    1.195250000000e+01
 134   1.195250000000e+01    1.204500000000e+01
 135   1.204500000000e+01    1.213750000000e+01
 136   1.213750000000e+01    1.223000000000e+01
 137   1.223000000000e+01    1.232250000000e+01
 138   1.232250000000e+01    1.241500000000e+01
 139   1.241500000000e+01    1.250750000000e+01
 140   1.250750000000e+01    1.260000000000e+01
 141   1.260000000000e+01    1.269250000000e+01
 142   1.269250000000e+01    1.278500000000e+01
 143   1.278500000000e+01    1.287750000000e+01
 144   1.287750000000e+01    1.297000000000e+01
 145   1.297000000000e+01    1.306250000000e+01
 146   1.306250000000e+01    1.315500000000e+01
 147   1.315500000000e+01    1.324750000000e+01
 148   1.324750000000e+01    1.334000000000e+01
 149   1.334000000000e+01    1.343250000000e+01
 150   1.343250000000e+01    1.352500000000e+01
 151   1.352500000000e+01    1.361750000000e+01
 152   1.361750000000e+01    1.371000000000e+01
 153   1.371000000000e+01    1.380250000000e+01
 154   1.380250000000e+01    1.389500000000e+01
 155   1.389500000000e+01    1.398750000000e+01
 156   1.398750000000e+01    1.408000000000e+01
 157   1.408000000000e+01    1.417250000000e+01
 158   1.417250000000e+01    1.426500000000e+01
 159   1.426500000000e+01    1.435750000000e+01
 160   1.435750000000e+01    1.445000000000e+01
 161   1.445000000000e+01    1.454250000000e+01
 162   1.454250000000e+01    1.463500000000e+01
 163   1.463500000000e+01    1.472750000000e+01
 164   1.472750000000e+01    1.482000000000e+01
 165   1.482000000000e+01    1.491250000000e+01
 166   1.491250000000e+01    1.500500000000e+01
 167   1.500500000000e+01    1.509750000000e+01
 168   1.509750000000e+01    1.519000000000e+01
 169   1.519000000000e+01    1.528250000000e+01
 170   1.528250000000e+01    1.537500000000e+01
 171   1.537500000000e+01    1.546750000000e+01
 172   1.546750000000e+01    1.556000000000e+01
 173   1.556000000000e+01    1.565250000000e+01
 174   1.565250000000e+01    1.574500000000e+01
 175   1.574500000000e+01    1.583750000000e+01
 176   1.583750000000e+01    1.593000000000e+01
 177   1.593000000000e+01    1.602250000000e+01
 178   1.602250000000e+01    1.611500000000e+01
 179   1.611500000000e+01    1.620750000000e+01
 180   1.620750000000e+01    1.630000000000e+01
 181   1.630000000000e+01    1.639250000000e+01
 182   1.639250000000e+01    1.648500000000e+01
 183   1.648500000000e+01    1.657750000000e+01
 184   1.657750000000e+01    1.667000000000e+01
 185   1.667000000000e+01    1.676250000000e+01
 186   1.676250000000e+01    1.685500000000e+01
 187   1.685500000000e+01    1.694750000000e+01
 188   1.694750000000e+01    1.704000000000e+01
 189   1.704000000000e+01    1.713250000000e+01
 190   1.713250000000e+01    1.722500000000e+01
 191   1.722500000000e+01    1.731750000000e+01
 192   1.731750000000e+01    1.741000000000e+01
 193   1.741000000000e+01    1.750250000000e+01
 194   1.750250000000e+01    1.759500000000e+01
 195   1.759500000000e+01    1.768750000000e+01
 196   1.768750000000e+01    1.778000000000e+01
 197   1.778000000000e+01    1.787250000000e+01
 198   1.787250000000e+01    1.796500000000e+01
 199   1.796500000000e+01    1.805750000000e+01
 200   1.805750000000e+01    1.815000000000e+01
 201   1.815000000000e+01    1.824250000000e+01
 202   1.824250000000e+01    1.833500000000e+01
 203   1.833500000000e+01    1.842750000000e+01
 204   1.842750000000e+01    1.852000000000e+01
 205   1.852000000000e+01    1.861250000000e+01
 206   1.861250000000e+01    1.870500000000e+01
 207   1.870500000000e+01    1.879750000000e+01
 208   1.879750000000e+01    1.889000000000e+01
 209   1.889000000000e+01    1.898250000000e+01
 210   1.898250000000e+01    1.907500000000e+01
 211   1.907500000000e+01    1.916750000000e+01
 212   1.916750000000e+01    1.926000000000e+01
 213   1.926000000000e+01    1.935250000000e+01
 214   1.935250000000e+01    1.944500000000e+01
 215   1.944500000000e+01    1.953750000000e+01
 216   1.953750000000e+01    1.963000000000e+01
 217   1.963000000000e+01    1.972250000000e+01
 218   1.972250000000e+01    1.981500000000e+01
 219   1.981500000000e+01    1.990750000000e+01
 220   1.990750000000e+01    2.000000000000e+01
150 
 1   0.000000000000e+00    6.000000000000e-03
 2   6.000000000000e-03    1.200000000000e-02
 3   1.200000000000e-02    1.800000000000e-02
 4   1.800000000000e-02    2.400000000000e-02
 5   2.400000000000e-02    3.000000000000e-02
 6   3.000000000000e-02    3.600000000000e-02
 7   3.600000000000e-02    4.200000000000e-02
 8   4.200000000000e-02    4.800000000000e-02
 9   4.800000000000e-02    5.400000000000e-02
 10   5.400000000000e-02    6.000000000000e-02
 11   6.000000000000e-02    6.600000000000e-02
 12   6.600000000000e-02    7.200000000000e-02
 13   7.200000000000e-02    7.800000000000e-02
 14   7.800000000000e-02    8.400000000000e-02
 15   8.400000000000e-02    9.000000000000e-02
 16   9.000000000000e-02    9.600000000000e-02
 17   9.600000000000e-02    1.020000000000e-01
 18   1.020000000000e-01    1.080000000000e-01
 19   1.080000000000e-01    1.140000000000e-01
 20   1.140000000000e-01    1.200000000000e-01
 21   1.200000000000e-01    1.260000000000e-01
 22   1.260000000000e-01    1.320000000000e-01
 23   1.320000000000e-01    1.380000000000e-01
 24   1.380000000000e-01    1.440000000000e-01
 25   1.440000000000e-01    1.500000000000e-01
 26   1.500000000000e-01    1.560000000000e-01
 27   1.560000000000e-01    1.620000000000e-01
 28   1.620000000000e-01    1.680000000000e-01
 29   1.680000000000e-01    1.740000000000e-01
 30   1.740000000000e-01    1.800000000000e-01
 31   1.800000000000e-01    1.860000000000e-01
 32   1.860000000000e-01    1.920000000000e-01
 33   1.920000000000e-01    1.980000000000e-01
 34   1.980000000000e-01    2.040000000000e-01
 35   2.040000000000e-01    2.100000000000e-01
 36   2.100000000000e-01    2.160000000000e-01
 37   2.160000000000e-01    2.220000000000e-01
 38   2.220000000000e-01    2.280000000000e-01
 39   2.280000000000e-01    2.340000000000e-01
 40   2.340000000000e-01    2.400000000000e-01
 41   2.400000000000e-01    2.460000000000e-01
 42   2.460000000000e-01    2.520000000000e-01
 43   2.520000000000e-01    2.580000000000e-01
 44   2.580000000000e-01    2.640000000000e-01
 45   2.640000000000e-01    2.700000000000e-01
 46   2.700000000000e-01    2.760000000000e-01
 47   2.760000000000e-01    2.820000000000e-01
 48   2.820000000000e-01    2.880000000000e-01
 49   2.880000000000e-01    2.940000000000e-01
 50   2.940000000000e-01    3.000000000000e-01
 51   3.000000000000e-01    3.127100000000e-01
 52   3.127100000000e-01    3.254200000000e-01
 53   3.254200000000e-01    3.381300000000e-01
 54   3.381300000000e-01    3.508400000000e-01
 55   3.508400000000e-01    3.635500000000e-01
 56   3.635500000000e-01    3.762600000000e-01
 57   3.762600000000e-01    3.889700000000e-01
 58   3.889700000000e-01    4.016800000000e-01
 59   4.016800000000e-01    4.143900000000e-01
 60   4.143900000000e-01    4.271000000000e-01
 61   4.271000000000e-01    4.398100000000e-01
 62   4.398100000000e-01    4.525200000000e-01
 63   4.525200000000e-01    4.652300000000e-01
 64   4.652300000000e-01    4.779400000000e-01
 65   4.779400000000e-01    4.906500000000e-01
 66   4.906500000000e-01    5.033600000000e-01
 67   5.033600000000e-01    5.160700000000e-01
 68   5.160700000000e-01    5.287800000000e-01
 69   5.287800000000e-01    5.414900000000e-01
 70   5.414900000000e-01    5.542000000000e-01
 71   5.542000000000e-01    5.669100000000e-01
 72   5.669100000000e-01    5.796200000000e-01
 73   5.796200000000e-01    5.923300000000e-01
 74   5.923300000000e-01    6.050400000000e-01
 75   6.050400000000e-01    6.177500000000e-01
 76   6.177500000000e-01    6.304600000000e-01
 77   6.304600000000e-01    6.431700000000e-01
 78   6.431700000000e-01    6.558800000000e-01
 79   6.558800000000e-01    6.685900000000e-01
 80   6.685900000000e-01    6.813000000000e-01
 81   6.813000000000e-01    6.940100000000e-01
 82   6.940100000000e-01    7.067200000000e-01
 83   7.067200000000e-01    7.194300000000e-01
 84   7.194300000000e-01    7.321400000000e-01
 85   7.321400000000e-01    7.448500000000e-01
 86   7.448500000000e-01    7.575600000000e-01
 87   7.575600000000e-01    7.702700000000e-01
 88   7.702700000000e-01    7.829800000000e-01
 89   7.829800000000e-01    7.956900000000e-01
 90   7.956900000000e-01    8.084000000000e-01
 91   8.084000000000e-01    8.211100000000e-01
 92   8.211100000000e-01    8.338200000000e-01
 93   8.338200000000e-01    8.465300000000e-01
 94   8.465300000000e-01    8.592400000000e-01
 95   8.592400000000e-01    8.719500000000e-01
 96   8.719500000000e-01    8.846600000000e-01
 97   8.846600000000e-01    8.973700000000e-01
 98   8.973700000000e-01    9.100800000000e-01
 99   9.100800000000e-01    9.227900000000e-01
 100   9.227900000000e-01    9.355000000000e-01
 101   9.355000000000e-01    9.482100000000e-01
 102   9.482100000000e-01    9.609200000000e-01
 103   9.609200000000e-01    9.736300000000e-01
 104   9.736300000000e-01    9.863400000000e-01
 105   9.863400000000e-01    9.990500000000e-01
 106   9.990500000000e-01    1.011760000000e+00
 107   1.011760000000e+00    1.024470000000e+00
 108   1.024470000000e+00    1.037180000000e+00
 109   1.037180000000e+00    1.049890000000e+00
 110   1.049890000000e+00    1.062600000000e+00
 111   1.062600000000e+00    1.075310000000e+00
 112   1.075310000000e+00    1.088020000000e+00
 113   1.088020000000e+00    1.100730000000e+00
 114   1.100730000000e+00    1.113440000000e+00
 115   1.113440000000e+00    1.126150000000e+00
 116   1.126150000000e+00    1.138860000000e+00
 117   1.138860000000e+00    1.151570000000e+00
 118   1.151570000000e+00    1.164280000000e+00
 119   1.164280000000e+00    1.176990000000e+00
 120   1.176990000000e+00    1.189700000000e+00
 121   1.189700000000e+00    1.202410000000e+00
 122   1.202410000000e+00    1.215120000000e+00
 123   1.215120000000e+00    1.227830000000e+00
 124   1.227830000000e+00    1.240540000000e+00
 125   1.240540000000e+00    1.253250000000e+00
 126   1.253250000000e+00    1.265960000000e+00
 127   1.265960000000e+00    1.278670000000e+00
 128   1.278670000000e+00    1.291380000000e+00
 129   1.291380000000e+00    1.304090000000e+00
 130   1.304090000000e+00    1.316800000000e+00
 131   1.316800000000e+00    1.329510000000e+00
 132   1.329510000000e+00    1.342220000000e+00
 133   1.342220000000e+00    1.354930000000e+00
 134   1.354930000000e+00    1.367640000000e+00
 135   1.367640000000e+00    1.380350000000e+00
 136   1.380350000000e+00    1.393060000000e+00
 137   1.393060000000e+00    1.405770000000e+00
 138   1.405770000000e+00    1.418480000000e+00
 139   1.418480000000e+00    1.431190000000e+00
 140   1.431190000000e+00    1.443900000000e+00
 141   1.443900000000e+00    1.456610000000e+00
 142   1.456610000000e+00    1.469320000000e+00
 143   1.469320000000e+00    1.482030000000e+00
 144   1.482030000000e+00    1.494740000000e+00
 145   1.494740000000e+00    1.507450000000e+00
 146   1.507450000000e+00    1.520160000000e+00
 147   1.520160000000e+00    1.532870000000e+00
 148   1.532870000000e+00    1.545580000000e+00
 149   1.545580000000e+00    1.558290000000e+00
 150   1.558290000000e+00    1.571000000000e+00
1 
 1   0.000000000000e+00    1.000000000000e+00
